0 verbose cli C:\Program Files\nodejs\node.exe C:\Users\sicze\AppData\Roaming\npm\node_modules\npm\bin\npm-cli.js
1 info using npm@10.2.3
2 info using node@v21.1.0
3 timing npm:load:whichnode Completed in 2ms
4 timing config:load:defaults Completed in 1ms
5 timing config:load:file:C:\Users\sicze\AppData\Roaming\npm\node_modules\npm\npmrc Completed in 3ms
6 timing config:load:builtin Completed in 3ms
7 timing config:load:cli Completed in 1ms
8 timing config:load:env Completed in 1ms
9 timing config:load:file:C:\Users\sicze\OneDrive\Desktop\podphonic-site\podphonic-site\.npmrc Completed in 0ms
10 timing config:load:project Completed in 1ms
11 timing config:load:file:C:\Users\sicze\.npmrc Completed in 0ms
12 timing config:load:user Completed in 0ms
13 timing config:load:file:C:\Users\sicze\AppData\Roaming\npm\etc\npmrc Completed in 0ms
14 timing config:load:global Completed in 1ms
15 timing config:load:setEnvs Completed in 1ms
16 timing config:load Completed in 9ms
17 timing npm:load:configload Completed in 9ms
18 timing config:load:flatten Completed in 1ms
19 timing npm:load:mkdirpcache Completed in 1ms
20 timing npm:load:mkdirplogs Completed in 0ms
21 verbose title npm install tsparticles@^3.6.0
22 verbose argv "install" "tsparticles@^3.6.0" "--force"
23 timing npm:load:setTitle Completed in 0ms
24 timing npm:load:display Completed in 0ms
25 verbose logfile logs-max:10 dir:C:\Users\sicze\OneDrive\Desktop\podphonic-site\podphonic-site\UserssiczeAppDataLocalnpm-cache\_logs\2023-11-13T21_40_50_306Z-
26 verbose logfile C:\Users\sicze\OneDrive\Desktop\podphonic-site\podphonic-site\UserssiczeAppDataLocalnpm-cache\_logs\2023-11-13T21_40_50_306Z-debug-0.log
27 timing npm:load:logFile Completed in 7ms
28 timing npm:load:timers Completed in 0ms
29 timing npm:load:configScope Completed in 0ms
30 warn using --force Recommended protections disabled.
31 timing npm:load Completed in 51ms
32 timing arborist:ctor Completed in 1ms
33 silly logfile start cleaning logs, removing 3 files
34 silly logfile error removing log file C:\Users\sicze\OneDrive\Desktop\podphonic-site\podphonic-site\UserssiczeAppDataLocalnpm-cache\_logs\2023-11-13T17_48_54_382Z-debug-0.log [Error: EPERM: operation not permitted, lstat 'C:\Users\sicze\OneDrive\Desktop\podphonic-site\podphonic-site\UserssiczeAppDataLocalnpm-cache\_logs\2023-11-13T17_48_54_382Z-debug-0.log'] {
34 silly logfile   errno: -4048,
34 silly logfile   code: 'EPERM',
34 silly logfile   syscall: 'lstat',
34 silly logfile   path: 'C:\\Users\\sicze\\OneDrive\\Desktop\\podphonic-site\\podphonic-site\\UserssiczeAppDataLocalnpm-cache\\_logs\\2023-11-13T17_48_54_382Z-debug-0.log'
34 silly logfile }
35 silly logfile done cleaning log files
36 timing idealTree:init Completed in 469ms
37 timing idealTree:userRequests Completed in 1ms
38 silly idealTree buildDeps
39 silly fetch manifest tsparticles@^3.6.0
40 timing arborist:ctor Completed in 0ms
41 http fetch GET 200 https://registry.npmjs.org/tsparticles 276ms (cache hit)
42 silly placeDep ROOT tsparticles@ OK for: podphonic-site@0.1.0 want: ^3.6.0
43 timing idealTree:#root Completed in 288ms
44 silly fetch manifest @testing-library/dom@>=7.21.4
45 http fetch GET 200 https://registry.npmjs.org/@testing-library%2fdom 6ms (cache hit)
46 silly placeDep ROOT @testing-library/dom@9.3.3 OK for: @testing-library/user-event@13.5.0 want: >=7.21.4
47 silly fetch manifest aria-query@5.1.3
48 silly fetch manifest chalk@^4.1.0
49 http fetch GET 200 https://registry.npmjs.org/chalk 165ms (cache miss)
50 http fetch GET 200 https://registry.npmjs.org/aria-query 181ms (cache miss)
51 timing idealTree:node_modules/@testing-library/user-event Completed in 194ms
52 silly placeDep node_modules/@testing-library/dom aria-query@5.1.3 OK for: @testing-library/dom@9.3.3 want: 5.1.3
53 silly placeDep node_modules/@testing-library/dom chalk@4.1.2 OK for: @testing-library/dom@9.3.3 want: ^4.1.0
54 silly fetch manifest ansi-styles@^4.1.0
55 silly fetch manifest supports-color@^7.1.0
56 http fetch GET 200 https://registry.npmjs.org/ansi-styles 43ms (cache miss)
57 http fetch GET 200 https://registry.npmjs.org/supports-color 44ms (cache miss)
58 timing idealTree:node_modules/@testing-library/dom Completed in 48ms
59 silly fetch manifest typescript@>= 2.7
60 http fetch GET 200 https://registry.npmjs.org/typescript 207ms (cache miss)
61 silly placeDep ROOT typescript@5.2.2 OK for: fork-ts-checker-webpack-plugin@6.5.3 want: >= 2.7
62 timing idealTree:node_modules/fork-ts-checker-webpack-plugin Completed in 234ms
63 silly fetch manifest react@^16.0.0
64 http fetch GET 200 https://registry.npmjs.org/react 15ms (cache hit)
65 warn ERESOLVE overriding peer dependency {
65 warn ERESOLVE   code: 'ERESOLVE',
65 warn ERESOLVE   edge: {
65 warn ERESOLVE     type: 'peer',
65 warn ERESOLVE     name: 'react',
65 warn ERESOLVE     spec: '^16.0.0',
65 warn ERESOLVE     error: 'INVALID',
65 warn ERESOLVE     from: {
65 warn ERESOLVE       name: 'react-particles-js',
65 warn ERESOLVE       version: '3.6.0',
65 warn ERESOLVE       location: 'node_modules/react-particles-js',
65 warn ERESOLVE       isWorkspace: false,
65 warn ERESOLVE       dependents: [Array]
65 warn ERESOLVE     }
65 warn ERESOLVE   },
65 warn ERESOLVE   dep: {
65 warn ERESOLVE     name: 'react',
65 warn ERESOLVE     version: '16.14.0',
65 warn ERESOLVE     whileInstalling: {
65 warn ERESOLVE       name: 'react-particles-js',
65 warn ERESOLVE       version: '3.6.0',
65 warn ERESOLVE       path: 'C:\\Users\\sicze\\OneDrive\\Desktop\\podphonic-site\\podphonic-site\\node_modules\\react-particles-js'
65 warn ERESOLVE     },
65 warn ERESOLVE     location: 'node_modules/react',
65 warn ERESOLVE     isWorkspace: false,
65 warn ERESOLVE     dependents: [ [Object] ]
65 warn ERESOLVE   },
65 warn ERESOLVE   force: true,
65 warn ERESOLVE   isMine: true,
65 warn ERESOLVE   strictPeerDeps: false,
65 warn ERESOLVE   current: {
65 warn ERESOLVE     name: 'react',
65 warn ERESOLVE     version: '18.2.0',
65 warn ERESOLVE     location: 'node_modules/react',
65 warn ERESOLVE     isWorkspace: false,
65 warn ERESOLVE     dependents: [ [Object], [Object], [Object], [Object], [Object], [Object] ]
65 warn ERESOLVE   },
65 warn ERESOLVE   peerConflict: {
65 warn ERESOLVE     current: {
65 warn ERESOLVE       name: 'react',
65 warn ERESOLVE       version: '18.2.0',
65 warn ERESOLVE       location: 'node_modules/react',
65 warn ERESOLVE       isWorkspace: false,
65 warn ERESOLVE       dependents: [Array]
65 warn ERESOLVE     },
65 warn ERESOLVE     peer: {
65 warn ERESOLVE       name: 'react',
65 warn ERESOLVE       version: '16.14.0',
65 warn ERESOLVE       whileInstalling: [Object],
65 warn ERESOLVE       location: 'node_modules/react',
65 warn ERESOLVE       isWorkspace: false,
65 warn ERESOLVE       dependents: [Array]
65 warn ERESOLVE     }
65 warn ERESOLVE   }
65 warn ERESOLVE }
66 timing idealTree:node_modules/react-particles-js Completed in 37ms
67 silly fetch manifest typescript@^3.2.1 || ^4
68 silly placeDep ROOT typescript@4.9.5 REPLACE for: react-scripts@5.0.1 want: ^3.2.1 || ^4
69 timing idealTree:node_modules/react-scripts Completed in 21ms
70 timing idealTree:node_modules/tsparticles Completed in 0ms
71 timing idealTree:node_modules/tsutils Completed in 0ms
72 timing idealTree:node_modules/typescript Completed in 0ms
73 timing idealTree:node_modules/@testing-library/dom/node_modules/aria-query Completed in 0ms
74 silly placeDep node_modules/@testing-library/dom ansi-styles@4.3.0 OK for: chalk@4.1.2 want: ^4.1.0
75 silly fetch manifest color-convert@^2.0.1
76 silly placeDep node_modules/@testing-library/dom supports-color@7.2.0 OK for: chalk@4.1.2 want: ^7.1.0
77 silly fetch manifest has-flag@^4.0.0
78 http fetch GET 200 https://registry.npmjs.org/has-flag 37ms (cache miss)
79 http fetch GET 200 https://registry.npmjs.org/color-convert 41ms (cache miss)
80 timing idealTree:node_modules/@testing-library/dom/node_modules/chalk Completed in 43ms
81 silly placeDep node_modules/@testing-library/dom color-convert@2.0.1 OK for: ansi-styles@4.3.0 want: ^2.0.1
82 silly fetch manifest color-name@~1.1.4
83 http fetch GET 200 https://registry.npmjs.org/color-name 51ms (cache miss)
84 timing idealTree:node_modules/@testing-library/dom/node_modules/ansi-styles Completed in 55ms
85 silly placeDep node_modules/@testing-library/dom color-name@1.1.4 OK for: color-convert@2.0.1 want: ~1.1.4
86 timing idealTree:node_modules/@testing-library/dom/node_modules/color-convert Completed in 1ms
87 timing idealTree:node_modules/@testing-library/dom/node_modules/color-name Completed in 0ms
88 silly placeDep node_modules/@testing-library/dom has-flag@4.0.0 OK for: supports-color@7.2.0 want: ^4.0.0
89 timing idealTree:node_modules/@testing-library/dom/node_modules/supports-color Completed in 1ms
90 timing idealTree:node_modules/@testing-library/dom/node_modules/has-flag Completed in 0ms
91 timing idealTree:buildDeps Completed in 924ms
92 timing idealTree:fixDepFlags Completed in 6ms
93 timing idealTree Completed in 1403ms
94 timing command:install Completed in 1412ms
95 verbose type range
96 verbose stack tsparticles: No matching version found for tsparticles@^3.6.0.
96 verbose stack     at module.exports (C:\Users\sicze\AppData\Roaming\npm\node_modules\npm\node_modules\npm-pick-manifest\lib\index.js:209:23)
96 verbose stack     at RegistryFetcher.manifest (C:\Users\sicze\AppData\Roaming\npm\node_modules\npm\node_modules\pacote\lib\registry.js:119:22)
96 verbose stack     at async #nodeFromEdge (C:\Users\sicze\AppData\Roaming\npm\node_modules\npm\node_modules\@npmcli\arborist\lib\arborist\build-ideal-tree.js:1049:19)
96 verbose stack     at async #buildDepStep (C:\Users\sicze\AppData\Roaming\npm\node_modules\npm\node_modules\@npmcli\arborist\lib\arborist\build-ideal-tree.js:917:11)
96 verbose stack     at async Arborist.buildIdealTree (C:\Users\sicze\AppData\Roaming\npm\node_modules\npm\node_modules\@npmcli\arborist\lib\arborist\build-ideal-tree.js:196:7)
96 verbose stack     at async Promise.all (index 1)
96 verbose stack     at async Arborist.reify (C:\Users\sicze\AppData\Roaming\npm\node_modules\npm\node_modules\@npmcli\arborist\lib\arborist\reify.js:159:5)
96 verbose stack     at async Install.exec (C:\Users\sicze\AppData\Roaming\npm\node_modules\npm\lib\commands\install.js:152:5)
96 verbose stack     at async module.exports (C:\Users\sicze\AppData\Roaming\npm\node_modules\npm\lib\cli-entry.js:61:5)
97 verbose cwd C:\Users\sicze\OneDrive\Desktop\podphonic-site\podphonic-site
98 verbose Windows_NT 10.0.22621
99 verbose node v21.1.0
100 verbose npm  v10.2.3
101 error code ETARGET
102 error notarget No matching version found for tsparticles@^3.6.0.
103 error notarget In most cases you or one of your dependencies are requesting
103 error notarget a package version that doesn't exist.
104 verbose exit 1
105 timing npm Completed in 1688ms
106 verbose unfinished npm timer reify 1699911650581
107 verbose unfinished npm timer reify:loadTrees 1699911650588
108 verbose code 1
109 error A complete log of this run can be found in: C:\Users\sicze\OneDrive\Desktop\podphonic-site\podphonic-site\UserssiczeAppDataLocalnpm-cache\_logs\2023-11-13T21_40_50_306Z-debug-0.log
